<?xml version="1.0" encoding="UTF-8"?>
<!-- Generated by org.testng.reporters.JUnitReportReporter -->
<testsuite hostname="LAPTOP-8A58L90K" failures="0" tests="1" name="dummyProject.HiPrintTest" time="0.014" errors="0" timestamp="2023-10-26T14:04:45 IST" skipped="0">
  <testcase classname="dummyProject.HiPrintTest" name="CreateContactTest" time="0.014"/>
  <system-out/>
</testsuite> <!-- dummyProject.HiPrintTest -->
