<?xml version="1.0" encoding="UTF-8"?>
<!-- Generated by org.testng.reporters.JUnitReportReporter -->
<testsuite hostname="LAPTOP-8A58L90K" failures="0" tests="1" name="dummyProject.ReadDataFromCmdLine" time="0.024" errors="0" timestamp="2023-10-26T14:20:30 IST" skipped="0">
  <testcase classname="dummyProject.ReadDataFromCmdLine" name="read" time="0.024"/>
  <system-out/>
</testsuite> <!-- dummyProject.ReadDataFromCmdLine -->
