<?xml version="1.0" encoding="UTF-8"?>
<!-- Generated by org.testng.reporters.JUnitReportReporter -->
<testsuite hostname="LAPTOP-8A58L90K" failures="0" tests="1" name="dummyProject.DemoTest" time="0.023" errors="0" timestamp="2023-10-19T21:29:17 IST" skipped="0">
  <testcase classname="dummyProject.DemoTest" name="CreateContactTest" time="0.023"/>
  <system-out/>
</testsuite> <!-- dummyProject.DemoTest -->
